"[INFO ] 2019-12-05 08:20:52.319 [main] LoginTest - Executing on thread id : 1
""[INFO ] 2019-12-05 08:20:52.344 [main] LoginTest - Configuration File Defined To Be :: null
""[INFO ] 2019-12-05 08:20:52.348 [main] LoginTest - Initialize setup before test run.
""[INFO ] 2019-12-05 08:20:52.348 [main] LoginTest - Setting test browser as : [%s] 
""[INFO ] 2019-12-05 08:20:59.401 [main] LoginTest - Verification of LoginPage element view.
""[INFO ] 2019-12-05 08:20:59.404 [main] LoginPage - Step1: Navigate to the Login window from the Main page.
""[INFO ] 2019-12-05 08:20:59.521 [main] LoginPage - Step2: Verify login page visible after navigation.
""[INFO ] 2019-12-05 08:20:59.692 [main] LoginPage - Login page title displayed
""[ERROR] 2019-12-05 08:20:59.721 [main] LoginPage - Login page title text is Invalid
""[INFO ] 2019-12-05 08:20:59.737 [main] LoginPage - Step3: Verify the login page fields display
""[INFO ] 2019-12-05 08:20:59.802 [main] LoginPage - Email label on Login page displayed.
""[INFO ] 2019-12-05 08:20:59.849 [main] LoginPage - Email text field is enabled.
""[INFO ] 2019-12-05 08:20:59.849 [main] LoginTest - test
""[INFO ] 2019-12-05 08:20:59.855 [main] LoginTest - Test run completed.
""[INFO ] 2019-12-05 08:20:59.855 [main] LoginTest - After test-method. Thread id is: 1
"[INFO ] 2019-12-05 08:21:42.796 [main] LoginTest - Executing on thread id : 1
[INFO ] 2019-12-05 08:21:42.808 [main] LoginTest - Configuration File Defined To Be :: null
[INFO ] 2019-12-05 08:21:42.811 [main] LoginTest - Initialize setup before test run.
[INFO ] 2019-12-05 08:21:42.811 [main] LoginTest - Setting test browser as : [%s] 
[INFO ] 2019-12-05 08:21:49.913 [main] LoginTest - Verification of LoginPage element view.
[INFO ] 2019-12-05 08:21:49.916 [main] LoginPage - Step1: Navigate to the Login window from the Main page.
[INFO ] 2019-12-05 08:21:50.022 [main] LoginPage - Step2: Verify login page visible after navigation.
[INFO ] 2019-12-05 08:21:50.191 [main] LoginPage - Login page title displayed
[ERROR] 2019-12-05 08:21:50.216 [main] LoginPage - Login page title text is Invalid
[INFO ] 2019-12-05 08:21:50.232 [main] LoginPage - Step3: Verify the login page fields display
[INFO ] 2019-12-05 08:21:50.315 [main] LoginPage - Email label on Login page displayed.
[INFO ] 2019-12-05 08:21:50.395 [main] LoginPage - Email text field is enabled.
[INFO ] 2019-12-05 08:21:50.396 [main] LoginTest - test
[INFO ] 2019-12-05 08:21:50.405 [main] LoginTest - Test run completed.
[INFO ] 2019-12-05 08:21:50.407 [main] LoginTest - After test-method. Thread id is: 1
