[INFO ] 2019-12-25 10:41:05.001 [main] LoginPage - 
Verify the presence of Event
[INFO ] 2019-12-25 10:41:05.184 [main] LoginPage - Register button is displayed and enabled.
[INFO ] 2019-12-25 10:41:14.254 [main] LoginPage - 
 verify first name
[INFO ] 2019-12-25 10:43:13.660 [main] LoginPage - 
Verify the presence of Event
[INFO ] 2019-12-25 10:43:13.810 [main] LoginPage - Register button is displayed and enabled.
[INFO ] 2019-12-25 10:43:22.995 [main] LoginPage - 
 verify first name
[INFO ] 2019-12-25 10:49:17.576 [main] LoginPage - 
Verify the presence of Event
[INFO ] 2019-12-25 10:49:18.052 [main] LoginPage - Register button is displayed and enabled.
[INFO ] 2019-12-25 10:49:27.137 [main] LoginPage - 
 verify first name
[INFO ] 2019-12-25 10:49:56.636 [main] LoginPage - 
Verify the presence of Event
[INFO ] 2019-12-25 10:49:56.706 [main] LoginPage - Register button is displayed and enabled.
[INFO ] 2019-12-25 10:50:06.225 [main] LoginPage - 
 verify first name
[INFO ] 2019-12-25 10:51:50.865 [main] LoginPage - 
Verify the presence of Event
[INFO ] 2019-12-25 10:51:51.021 [main] LoginPage - Register button is displayed and enabled.
[INFO ] 2019-12-25 10:51:59.889 [main] LoginPage - 
 verify first name
[INFO ] 2019-12-25 10:52:17.279 [main] LoginPage - 
Verify the presence of Event
[INFO ] 2019-12-25 10:52:17.361 [main] LoginPage - Register button is displayed and enabled.
[INFO ] 2019-12-25 10:52:28.498 [main] LoginPage - 
 verify first name
[INFO ] 2019-12-25 10:54:21.692 [main] LoginPage - 
Verify the presence of Event
[INFO ] 2019-12-25 10:54:22.188 [main] LoginPage - Register button is displayed and enabled.
[INFO ] 2019-12-25 10:54:30.784 [main] LoginPage - 
 verify first name
[INFO ] 2019-12-25 10:55:57.416 [main] LoginPage - 
Verify the presence of Event
[INFO ] 2019-12-25 10:55:57.802 [main] LoginPage - Register button is displayed and enabled.
[INFO ] 2019-12-25 10:56:06.803 [main] LoginPage - 
 verify first name
[INFO ] 2019-12-25 10:56:35.423 [main] LoginPage - 
Verify the presence of Event
[INFO ] 2019-12-25 10:56:35.598 [main] LoginPage - Register button is displayed and enabled.
[INFO ] 2019-12-25 10:56:45.784 [main] LoginPage - 
 verify first name
[INFO ] 2019-12-25 11:03:17.975 [main] LoginPage - 
Verify the presence of Event
[INFO ] 2019-12-25 11:03:18.172 [main] LoginPage - Register button is displayed and enabled.
[INFO ] 2019-12-25 11:03:32.663 [main] LoginPage - 
 verify first name
[INFO ] 2019-12-25 11:04:03.588 [main] LoginPage - 
Verify the presence of Event
[INFO ] 2019-12-25 11:04:03.724 [main] LoginPage - Register button is displayed and enabled.
[INFO ] 2019-12-25 11:04:14.814 [main] LoginPage - 
 verify first name
[INFO ] 2019-12-25 11:40:47.150 [main] LoginPage - 
Verify the presence of Event
[INFO ] 2019-12-25 11:40:47.362 [main] LoginPage - Register button is displayed and enabled.
[INFO ] 2019-12-25 11:40:57.444 [main] LoginPage - 
 verify first name
[INFO ] 2019-12-25 11:44:58.171 [main] LoginPage - 
Verify the presence of Event
[INFO ] 2019-12-25 11:44:58.341 [main] LoginPage - Register button is displayed and enabled.
[INFO ] 2019-12-25 11:45:21.906 [main] LoginPage - 
Verify the presence of Event
[INFO ] 2019-12-25 11:45:22.051 [main] LoginPage - Register button is displayed and enabled.
[INFO ] 2019-12-25 11:45:32.559 [main] LoginPage - 
 verify first name
[INFO ] 2019-12-25 11:46:06.047 [main] LoginPage - 
Verify the presence of Event
[INFO ] 2019-12-25 11:46:06.179 [main] LoginPage - Register button is displayed and enabled.
[INFO ] 2019-12-25 11:46:15.649 [main] LoginPage - 
 verify first name
[INFO ] 2019-12-25 11:49:55.874 [main] LoginPage - 
Verify the presence of Event
[INFO ] 2019-12-25 11:49:56.054 [main] LoginPage - Register button is displayed and enabled.
[INFO ] 2019-12-25 11:50:05.358 [main] LoginPage - 
 verify first name
[INFO ] 2019-12-25 11:51:55.506 [main] LoginPage - 
Verify the presence of Event
[INFO ] 2019-12-25 11:51:56.692 [main] LoginPage - Register button is displayed and enabled.
[INFO ] 2019-12-25 11:52:10.220 [main] LoginPage - 
 verify first name
[INFO ] 2019-12-25 11:54:20.292 [main] LoginPage - 
Verify the presence of Event
[INFO ] 2019-12-25 11:54:20.527 [main] LoginPage - Register button is displayed and enabled.
[INFO ] 2019-12-25 11:54:31.773 [main] LoginPage - 
 verify first name
[INFO ] 2019-12-25 11:59:14.309 [main] LoginPage - 
Verify the presence of Event
[INFO ] 2019-12-25 11:59:14.425 [main] LoginPage - Register button is displayed and enabled.
[INFO ] 2019-12-25 11:59:24.997 [main] LoginPage - 
 verify first name
[INFO ] 2019-12-25 11:59:33.185 [main] LoginPage - This is showing the model popup
[INFO ] 2019-12-25 11:59:38.213 [main] LoginPage - The popup handle id is CDwindow-4355EFD78A1469AA6D8DA94C00371FC3
[INFO ] 2019-12-25 12:10:59.603 [main] LoginPage - 
Verify the presence of Event
[INFO ] 2019-12-25 12:10:59.765 [main] LoginPage - Register button is displayed and enabled.
[INFO ] 2019-12-25 12:11:11.438 [main] LoginPage - 
 verify first name
[INFO ] 2019-12-25 12:12:49.422 [main] LoginPage - 
Verify the presence of Event
[INFO ] 2019-12-25 12:12:49.577 [main] LoginPage - Register button is displayed and enabled.
[INFO ] 2019-12-25 12:12:59.092 [main] LoginPage - 
 verify first name
[INFO ] 2019-12-25 12:14:50.559 [main] LoginPage - 
Verify the presence of Event
[INFO ] 2019-12-25 12:14:50.755 [main] LoginPage - Register button is displayed and enabled.
[INFO ] 2019-12-25 12:15:05.272 [main] LoginPage - 
 verify first name
[INFO ] 2019-12-25 12:18:06.603 [main] LoginPage - 
Verify the presence of Event
[INFO ] 2019-12-25 12:18:06.770 [main] LoginPage - Register button is displayed and enabled.
[INFO ] 2019-12-25 12:18:18.175 [main] LoginPage - 
 verify first name
[INFO ] 2019-12-25 12:19:36.682 [main] LoginPage - 
Verify the presence of Event
[INFO ] 2019-12-25 12:19:36.804 [main] LoginPage - Register button is displayed and enabled.
[INFO ] 2019-12-25 12:19:46.523 [main] LoginPage - 
 verify first name
[INFO ] 2019-12-25 12:19:55.377 [main] LoginPage - This is showing the model popup
[INFO ] 2019-12-25 12:20:00.414 [main] LoginPage - The popup handle id is CDwindow-F17CF16A44B9A93054F247189F32805E
[INFO ] 2019-12-25 12:20:01.641 [main] LoginPage - having paytm optin to select.
[INFO ] 2019-12-25 12:20:02.965 [main] LoginPage - pay Button is enabled and disabled
[INFO ] 2019-12-25 12:20:03.111 [main] LoginPage - completed
[INFO ] 2019-12-25 12:36:32.963 [main] LoginPage - 
Verify the presence of Event
[INFO ] 2019-12-25 12:36:33.163 [main] LoginPage - Register button is displayed and enabled.
[INFO ] 2019-12-25 12:36:42.563 [main] LoginPage - 
 verify first name
[INFO ] 2019-12-25 12:37:43.030 [main] LoginPage - 
Verify the presence of Event
[INFO ] 2019-12-25 12:37:44.539 [main] LoginPage - Register button is displayed and enabled.
[INFO ] 2019-12-25 12:37:56.710 [main] LoginPage - 
 verify first name
[INFO ] 2019-12-25 12:38:05.822 [main] LoginPage - This is showing the model popup
[INFO ] 2019-12-25 12:38:10.848 [main] LoginPage - The popup handle id is CDwindow-CC1ED748C0ABF019DE3020E5BE40C2EE
[INFO ] 2019-12-25 12:41:00.472 [main] LoginPage - 
Verify the presence of Event
[INFO ] 2019-12-25 12:41:00.472 [main] LoginPage - 
Verify the presence of Event
[INFO ] 2019-12-25 12:41:00.868 [main] LoginPage - Register button is displayed and enabled.
[INFO ] 2019-12-25 12:41:00.901 [main] LoginPage - Register button is displayed and enabled.
[INFO ] 2019-12-25 12:41:14.754 [main] LoginPage - 
 verify first name
[INFO ] 2019-12-25 12:41:15.571 [main] LoginPage - 
 verify first name
[INFO ] 2019-12-25 12:41:26.129 [main] LoginPage - This is showing the model popup
[INFO ] 2019-12-25 12:41:26.811 [main] LoginPage - This is showing the model popup
[INFO ] 2019-12-25 12:41:31.154 [main] LoginPage - The popup handle id is CDwindow-3888D429B56E29B4F4AE8204E6B19DAB
[INFO ] 2019-12-25 12:41:31.835 [main] LoginPage - The popup handle id is CDwindow-9BCA62DD6870917E554BD2A3A1580A31
[INFO ] 2019-12-25 12:42:29.969 [main] LoginPage - 
Verify the presence of Event
[INFO ] 2019-12-25 12:42:30.187 [main] LoginPage - Register button is displayed and enabled.
[INFO ] 2019-12-25 12:42:43.522 [main] LoginPage - 
 verify first name
[INFO ] 2019-12-25 12:42:53.087 [main] LoginPage - This is showing the model popup
[INFO ] 2019-12-25 12:42:58.114 [main] LoginPage - The popup handle id is CDwindow-75948D85E531F37428657C73309969DA
[INFO ] 2019-12-25 12:44:16.339 [main] LoginPage - 
Verify the presence of Event
[INFO ] 2019-12-25 12:44:17.876 [main] LoginPage - Register button is displayed and enabled.
[INFO ] 2019-12-25 12:44:27.757 [main] LoginPage - 
 verify first name
[INFO ] 2019-12-25 12:44:37.357 [main] LoginPage - This is showing the model popup
[INFO ] 2019-12-25 12:44:42.381 [main] LoginPage - The popup handle id is CDwindow-BFC0D4F03965C25703817F83F7B9ECF5
[INFO ] 2019-12-25 12:45:15.356 [main] LoginPage - 
Verify the presence of Event
[INFO ] 2019-12-25 12:45:15.527 [main] LoginPage - Register button is displayed and enabled.
[INFO ] 2019-12-25 12:45:25.793 [main] LoginPage - 
 verify first name
[INFO ] 2019-12-25 12:45:36.176 [main] LoginPage - This is showing the model popup
[INFO ] 2019-12-25 12:45:41.220 [main] LoginPage - The popup handle id is CDwindow-3D55F29CCDBC8D0D8FA6103E2282B943
[INFO ] 2019-12-25 12:45:42.475 [main] LoginPage - having paytm optin to select.
[INFO ] 2019-12-25 12:45:43.892 [main] LoginPage - pay Button is enabled and disabled
[INFO ] 2019-12-25 12:45:44.020 [main] LoginPage - completed
[INFO ] 2019-12-25 13:06:48.446 [pool-1-thread-2] LoginPage - 
Verify the presence of Event
[INFO ] 2019-12-25 13:06:48.446 [pool-1-thread-1] LoginPage - 
Verify the presence of Event
[INFO ] 2019-12-25 13:06:48.446 [pool-1-thread-3] LoginPage - 
Verify the presence of Event
[INFO ] 2019-12-25 13:06:48.446 [pool-1-thread-5] LoginPage - 
Verify the presence of Event
[INFO ] 2019-12-25 13:06:48.446 [pool-1-thread-4] LoginPage - 
Verify the presence of Event
[INFO ] 2019-12-25 13:06:56.404 [pool-1-thread-3] LoginPage - Register button is displayed and enabled.
[INFO ] 2019-12-25 13:06:56.405 [pool-1-thread-2] LoginPage - Register button is displayed and enabled.
[INFO ] 2019-12-25 13:06:56.410 [pool-1-thread-1] LoginPage - Register button is displayed and enabled.
[INFO ] 2019-12-25 13:06:56.418 [pool-1-thread-5] LoginPage - Register button is displayed and enabled.
[INFO ] 2019-12-25 13:06:57.054 [pool-1-thread-4] LoginPage - Register button is displayed and enabled.
[INFO ] 2019-12-25 13:07:23.452 [pool-1-thread-2] LoginPage - 
 verify first name
[INFO ] 2019-12-25 13:07:23.595 [pool-1-thread-5] LoginPage - 
 verify first name
[INFO ] 2019-12-25 13:07:23.863 [pool-1-thread-3] LoginPage - 
 verify first name
[INFO ] 2019-12-25 13:07:24.163 [pool-1-thread-1] LoginPage - 
 verify first name
[INFO ] 2019-12-25 13:07:25.882 [pool-1-thread-4] LoginPage - 
 verify first name
[INFO ] 2019-12-25 13:07:48.779 [pool-1-thread-5] LoginPage - This is showing the model popup
[INFO ] 2019-12-25 13:07:48.900 [pool-1-thread-3] LoginPage - This is showing the model popup
[INFO ] 2019-12-25 13:07:50.488 [pool-1-thread-1] LoginPage - This is showing the model popup
[INFO ] 2019-12-25 13:07:50.503 [pool-1-thread-2] LoginPage - This is showing the model popup
[INFO ] 2019-12-25 13:07:51.425 [pool-1-thread-4] LoginPage - This is showing the model popup
[INFO ] 2019-12-25 13:07:53.987 [pool-1-thread-3] LoginPage - The popup handle id is CDwindow-571DDDEE021956B449825F9CABB486B8
[INFO ] 2019-12-25 13:07:53.987 [pool-1-thread-5] LoginPage - The popup handle id is CDwindow-4AA8A3C97C5C8419A4EBD2A47DF0A65C
[INFO ] 2019-12-25 13:07:55.467 [pool-1-thread-5] LoginPage - having paytm optin to select.
[INFO ] 2019-12-25 13:07:55.482 [pool-1-thread-3] LoginPage - having paytm optin to select.
[INFO ] 2019-12-25 13:07:55.697 [pool-1-thread-1] LoginPage - The popup handle id is CDwindow-406B4E753D41539BD7A7E0D94550D884
[INFO ] 2019-12-25 13:07:55.708 [pool-1-thread-2] LoginPage - The popup handle id is CDwindow-61C4B9BCBF01885C4A10C38BBDF9B676
[INFO ] 2019-12-25 13:07:56.673 [pool-1-thread-4] LoginPage - The popup handle id is CDwindow-70B0377FBC0CCE6369FFF212AD129386
[INFO ] 2019-12-25 13:07:57.000 [pool-1-thread-5] LoginPage - pay Button is enabled and disabled
[INFO ] 2019-12-25 13:07:57.178 [pool-1-thread-5] LoginPage - completed
[INFO ] 2019-12-25 13:07:57.204 [pool-1-thread-3] LoginPage - pay Button is enabled and disabled
[INFO ] 2019-12-25 13:07:57.298 [pool-1-thread-2] LoginPage - having paytm optin to select.
[INFO ] 2019-12-25 13:07:57.302 [pool-1-thread-1] LoginPage - having paytm optin to select.
[INFO ] 2019-12-25 13:07:57.545 [pool-1-thread-3] LoginPage - completed
[INFO ] 2019-12-25 13:07:58.119 [pool-1-thread-4] LoginPage - having paytm optin to select.
[INFO ] 2019-12-25 13:07:59.086 [pool-1-thread-2] LoginPage - pay Button is enabled and disabled
[INFO ] 2019-12-25 13:07:59.134 [pool-1-thread-1] LoginPage - pay Button is enabled and disabled
[INFO ] 2019-12-25 13:07:59.323 [pool-1-thread-2] LoginPage - completed
[INFO ] 2019-12-25 13:07:59.385 [pool-1-thread-1] LoginPage - completed
[INFO ] 2019-12-25 13:07:59.620 [pool-1-thread-4] LoginPage - pay Button is enabled and disabled
[INFO ] 2019-12-25 13:07:59.923 [pool-1-thread-4] LoginPage - completed
[INFO ] 2019-12-25 17:07:29.247 [pool-1-thread-1] LoginPage - 
Verify the presence of Event
[INFO ] 2019-12-25 17:07:29.247 [pool-1-thread-3] LoginPage - 
Verify the presence of Event
[INFO ] 2019-12-25 17:07:29.663 [pool-1-thread-5] LoginPage - 
Verify the presence of Event
[INFO ] 2019-12-25 17:07:30.020 [pool-1-thread-5] LoginPage - Register button is displayed and enabled.
[INFO ] 2019-12-25 17:07:30.020 [pool-1-thread-1] LoginPage - Register button is displayed and enabled.
[INFO ] 2019-12-25 17:07:30.030 [pool-1-thread-3] LoginPage - Register button is displayed and enabled.
[INFO ] 2019-12-25 17:07:34.139 [pool-1-thread-4] LoginPage - 
Verify the presence of Event
[INFO ] 2019-12-25 17:07:34.835 [pool-1-thread-4] LoginPage - Register button is displayed and enabled.
[INFO ] 2019-12-25 17:07:45.465 [pool-1-thread-2] LoginPage - 
Verify the presence of Event
[INFO ] 2019-12-25 17:07:45.655 [pool-1-thread-2] LoginPage - Register button is displayed and enabled.
[INFO ] 2019-12-25 17:07:51.112 [pool-1-thread-3] LoginPage - 
 verify first name
[INFO ] 2019-12-25 17:07:51.469 [pool-1-thread-1] LoginPage - 
 verify first name
[INFO ] 2019-12-25 17:07:51.849 [pool-1-thread-5] LoginPage - 
 verify first name
[INFO ] 2019-12-25 17:07:53.539 [pool-1-thread-4] LoginPage - 
 verify first name
[INFO ] 2019-12-25 17:08:09.390 [pool-1-thread-2] LoginPage - 
 verify first name
[INFO ] 2019-12-25 17:08:19.477 [pool-1-thread-4] LoginPage - This is showing the model popup
[INFO ] 2019-12-25 17:08:19.933 [pool-1-thread-3] LoginPage - This is showing the model popup
[INFO ] 2019-12-25 17:08:21.011 [pool-1-thread-1] LoginPage - This is showing the model popup
[INFO ] 2019-12-25 17:08:21.237 [pool-1-thread-5] LoginPage - This is showing the model popup
[INFO ] 2019-12-25 17:08:24.594 [pool-1-thread-4] LoginPage - The popup handle id is CDwindow-C91AAE6BD389A90541ABC8E88F12F939
[INFO ] 2019-12-25 17:08:24.897 [pool-1-thread-2] LoginPage - This is showing the model popup
[INFO ] 2019-12-25 17:08:25.014 [pool-1-thread-3] LoginPage - The popup handle id is CDwindow-D47D294E0E6AC159B060E4BE17766ED4
[INFO ] 2019-12-25 17:08:25.995 [pool-1-thread-4] LoginPage - having paytm optin to select.
[INFO ] 2019-12-25 17:08:26.115 [pool-1-thread-1] LoginPage - The popup handle id is CDwindow-5D235A3EB7AD5A0097CD68E69D0D19E7
[INFO ] 2019-12-25 17:08:26.448 [pool-1-thread-5] LoginPage - The popup handle id is CDwindow-AE1874A6256869EF136F86EC2E3E4670
[INFO ] 2019-12-25 17:08:26.600 [pool-1-thread-3] LoginPage - having paytm optin to select.
[INFO ] 2019-12-25 17:08:27.631 [pool-1-thread-4] LoginPage - pay Button is enabled and disabled
[INFO ] 2019-12-25 17:08:27.795 [pool-1-thread-1] LoginPage - having paytm optin to select.
[INFO ] 2019-12-25 17:08:27.887 [pool-1-thread-4] LoginPage - completed
[INFO ] 2019-12-25 17:08:28.214 [pool-1-thread-5] LoginPage - having paytm optin to select.
[INFO ] 2019-12-25 17:08:28.848 [pool-1-thread-3] LoginPage - pay Button is enabled and disabled
[INFO ] 2019-12-25 17:08:29.133 [pool-1-thread-3] LoginPage - completed
[INFO ] 2019-12-25 17:08:29.905 [pool-1-thread-1] LoginPage - pay Button is enabled and disabled
[INFO ] 2019-12-25 17:08:29.955 [pool-1-thread-2] LoginPage - The popup handle id is CDwindow-069B82A7F845A5053325D7AE14143884
[INFO ] 2019-12-25 17:08:30.255 [pool-1-thread-1] LoginPage - completed
[INFO ] 2019-12-25 17:08:30.339 [pool-1-thread-5] LoginPage - pay Button is enabled and disabled
[INFO ] 2019-12-25 17:08:30.802 [pool-1-thread-5] LoginPage - completed
[INFO ] 2019-12-25 17:08:31.635 [pool-1-thread-2] LoginPage - having paytm optin to select.
[INFO ] 2019-12-25 17:08:33.466 [pool-1-thread-2] LoginPage - pay Button is enabled and disabled
[INFO ] 2019-12-25 17:08:33.670 [pool-1-thread-2] LoginPage - completed
[INFO ] 2019-12-25 17:12:28.701 [pool-1-thread-1] LoginPage - 
Verify the presence of Event
[INFO ] 2019-12-25 17:12:28.702 [pool-1-thread-5] LoginPage - 
Verify the presence of Event
[INFO ] 2019-12-25 17:12:28.701 [pool-1-thread-3] LoginPage - 
Verify the presence of Event
[INFO ] 2019-12-25 17:12:28.702 [pool-1-thread-2] LoginPage - 
Verify the presence of Event
[INFO ] 2019-12-25 17:12:28.701 [pool-1-thread-4] LoginPage - 
Verify the presence of Event
[INFO ] 2019-12-25 17:12:30.128 [pool-1-thread-4] LoginPage - Register button is displayed and enabled.
[INFO ] 2019-12-25 17:12:30.187 [pool-1-thread-1] LoginPage - Register button is displayed and enabled.
[INFO ] 2019-12-25 17:12:30.192 [pool-1-thread-5] LoginPage - Register button is displayed and enabled.
[INFO ] 2019-12-25 17:12:30.254 [pool-1-thread-2] LoginPage - Register button is displayed and enabled.
[INFO ] 2019-12-25 17:12:30.304 [pool-1-thread-3] LoginPage - Register button is displayed and enabled.
[INFO ] 2019-12-25 17:14:19.894 [main] LoginPage - 
Verify the presence of Event
[INFO ] 2019-12-25 17:14:20.085 [main] LoginPage - Register button is displayed and enabled.
[INFO ] 2019-12-25 17:14:31.289 [main] LoginPage - 
 verify first name
[INFO ] 2019-12-25 17:15:06.968 [main] LoginPage - 
Verify the presence of Event
[INFO ] 2019-12-25 17:15:07.162 [main] LoginPage - Register button is displayed and enabled.
[INFO ] 2019-12-25 17:15:18.160 [main] LoginPage - 
 verify first name
[INFO ] 2019-12-25 17:15:30.115 [main] LoginPage - This is showing the model popup
[INFO ] 2019-12-25 17:15:35.161 [main] LoginPage - The popup handle id is CDwindow-090E6B20E9390BFC3BAE6B817356C374
[INFO ] 2019-12-25 17:15:36.427 [main] LoginPage - having paytm optin to select.
[INFO ] 2019-12-25 17:15:37.778 [main] LoginPage - pay Button is enabled and disabled
[INFO ] 2019-12-25 17:15:37.909 [main] LoginPage - completed
